<?xml version="1.0" encoding="UTF-8"?>
<!-- Generated by org.testng.reporters.JUnitXMLReporter -->
<testsuite ignored="0" hostname="DESKTOP-09IB0QD" failures="0" tests="6" name="report" time="19.929" errors="0" timestamp="2023-06-13T20:35:35 IST">
  <testcase classname="com.selenium.code.TestNGDemo.ReportersLogs.ReporterExample2" name="setUp" time="19.759"/>
  <testcase classname="com.selenium.code.TestNGDemo.ReportersLogs.ReporterExample1" name="test1" time="0.002"/>
  <testcase classname="com.selenium.code.TestNGDemo.ReportersLogs.ReporterExample1" name="test2" time="0.001"/>
  <testcase classname="com.selenium.code.TestNGDemo.ReportersLogs.ReporterExample1" name="test3" time="0.003"/>
  <testcase classname="com.selenium.code.TestNGDemo.ReportersLogs.ReporterExample1" name="test4" time="0.011"/>
  <testcase classname="com.selenium.code.TestNGDemo.ReportersLogs.ReporterExample1" name="test5" time="0.009"/>
</testsuite> <!-- report -->
