<?xml version="1.0" encoding="UTF-8"?>
<!-- Generated by org.testng.reporters.JUnitXMLReporter -->
<testsuite ignored="0" hostname="DESKTOP-09IB0QD" failures="0" tests="5" name="SanityTest" time="0.258" errors="0" timestamp="2023-06-16T13:23:13 IST">
  <testcase classname="com.selenium.code.TestNGDemo.batchTesting.HomeScreenTest" name="launchApplication" time="0.018"/>
  <testcase classname="com.selenium.code.TestNGDemo.batchTesting.HomeScreenTest" name="verifyLogo" time="0.005"/>
  <testcase classname="com.selenium.code.TestNGDemo.batchTesting.HomeScreenTest" name="verifyTitle" time="0.017"/>
  <testcase classname="com.selenium.code.TestNGDemo.batchTesting.LoginTest" name="logByEmail" time="0.01"/>
  <testcase classname="com.selenium.code.TestNGDemo.batchTesting.LoginTest" name="logByMobileNumbers" time="0.013"/>
</testsuite> <!-- SanityTest -->
