<?xml version="1.0" encoding="UTF-8"?>
<!-- Generated by org.testng.reporters.JUnitXMLReporter -->
<testsuite ignored="0" hostname="DESKTOP-09IB0QD" failures="0" tests="5" name="FunctionalTest" time="0.086" errors="0" timestamp="2023-06-16T13:23:13 IST">
  <testcase classname="com.selenium.code.TestNGDemo.batchTesting.PaymentTest" name="cashOnDelivery" time="0.003"/>
  <testcase classname="com.selenium.code.TestNGDemo.batchTesting.PaymentTest" name="netBanking" time="0.009"/>
  <testcase classname="com.selenium.code.TestNGDemo.batchTesting.ProductPageTest" name="addProductToCart" time="0.005"/>
  <testcase classname="com.selenium.code.TestNGDemo.batchTesting.ProductPageTest" name="addProductToWishList" time="0.009"/>
  <testcase classname="com.selenium.code.TestNGDemo.batchTesting.ProductPageTest" name="selectQuantity" time="0.002"/>
</testsuite> <!-- FunctionalTest -->
