<?xml version="1.0" encoding="UTF-8"?>
<!-- Generated by org.testng.reporters.JUnitXMLReporter -->
<testsuite ignored="2" hostname="DESKTOP-09IB0QD" failures="0" tests="4" name="Loan" time="0.176" errors="0" timestamp="2023-06-04T19:15:49 IST">
  <testcase classname="com.selenium.code.TestNGDemo.excludeInclude.LoanDepartment" name="apiLoginPersonalLoan" time="0.024"/>
  <testcase classname="com.selenium.code.TestNGDemo.excludeInclude.LoanDepartment" name="mobileLoginAutomobileLoan" time="0.009"/>
  <testcase classname="com.selenium.code.TestNGDemo.excludeInclude.LoanDepartment" name="mobileLoginPersonalLoan" time="0.004"/>
  <testcase classname="com.selenium.code.TestNGDemo.excludeInclude.LoanDepartment" name="webLoginAuttomobileLoan" time="0.008"/>
  <testcase classname="com.selenium.code.TestNGDemo.excludeInclude.LoanDepartment" name="apiLoginAutomobileLoan" time="0.0">
    <ignored/>
  </testcase> <!-- apiLoginAutomobileLoan -->
  <testcase classname="com.selenium.code.TestNGDemo.excludeInclude.LoanDepartment" name="webLoginPersonalLoan" time="0.0">
    <ignored/>
  </testcase> <!-- webLoginPersonalLoan -->
</testsuite> <!-- Loan -->
